2022-12-11 21:46:01.375637: I tensorflow/stream_executor/platform/default/dso_loader.cc:53] Successfully opened dynamic library libcudart.so.11.0
WARNING:tensorflow:From /home/kimia.gh/.conda/envs/deepmd/lib/python3.9/site-packages/tensorflow/python/compat/v2_compat.py:96: disable_resource_variables (from tensorflow.python.ops.variable_scope) is deprecated and will be removed in a future version.
Instructions for updating:
non-resource variables are not supported in the long term
WARNING:root:Environment variable KMP_BLOCKTIME is empty. Use the default value 0
WARNING:root:Environment variable KMP_AFFINITY is empty. Use the default value granularity=fine,verbose,compact,1,0
/home/kimia.gh/.conda/envs/deepmd/lib/python3.9/importlib/__init__.py:169: UserWarning: The NumPy module was reloaded (imported a second time). This can in some cases result in small but subtle issues and is discouraged.
  _bootstrap._exec(spec, module)
2022-12-11 21:46:06.895865: I tensorflow/core/platform/cpu_feature_guard.cc:142] This TensorFlow binary is optimized with oneAPI Deep Neural Network Library (oneDNN) to use the following CPU instructions in performance-critical operations:  SSE4.1 SSE4.2 AVX AVX2 FMA
To enable them in other operations, rebuild TensorFlow with the appropriate compiler flags.
2022-12-11 21:46:06.915927: W tensorflow/stream_executor/platform/default/dso_loader.cc:64] Could not load dynamic library 'libcuda.so.1'; dlerror: libcuda.so.1: cannot open shared object file: No such file or directory; LD_LIBRARY_PATH: /opt/slurm/lib64::
2022-12-11 21:46:06.915964: W tensorflow/stream_executor/cuda/cuda_driver.cc:326] failed call to cuInit: UNKNOWN ERROR (303)
2022-12-11 21:46:06.915984: I tensorflow/stream_executor/cuda/cuda_diagnostics.cc:156] kernel driver does not appear to be running on this host (c0706a-s11.ufhpc): /proc/driver/nvidia/version does not exist
2022-12-11 21:46:06.916044: I tensorflow/core/common_runtime/process_util.cc:146] Creating new thread pool with default inter op setting: 2. Tune using inter_op_parallelism_threads for best performance.
2022-12-11 21:46:06.924292: I tensorflow/core/platform/profile_utils/cpu_utils.cc:114] CPU Frequency: 1996225000 Hz
OMP: Info #155: KMP_AFFINITY: Initial OS proc set respected: 0-127
OMP: Info #216: KMP_AFFINITY: decoding x2APIC ids.
OMP: Info #157: KMP_AFFINITY: 128 available OS procs
OMP: Info #158: KMP_AFFINITY: Uniform topology
OMP: Info #287: KMP_AFFINITY: topology layer "LL cache" is equivalent to "socket".
OMP: Info #192: KMP_AFFINITY: 2 sockets x 64 cores/socket x 1 thread/core (128 total cores)
OMP: Info #218: KMP_AFFINITY: OS proc to physical thread map:
OMP: Info #172: KMP_AFFINITY: OS proc 0 maps to socket 0 core 0 thread 0 
OMP: Info #172: KMP_AFFINITY: OS proc 1 maps to socket 0 core 1 thread 0 
OMP: Info #172: KMP_AFFINITY: OS proc 2 maps to socket 0 core 2 thread 0 
OMP: Info #172: KMP_AFFINITY: OS proc 3 maps to socket 0 core 3 thread 0 
OMP: Info #172: KMP_AFFINITY: OS proc 4 maps to socket 0 core 4 thread 0 
OMP: Info #172: KMP_AFFINITY: OS proc 5 maps to socket 0 core 5 thread 0 
OMP: Info #172: KMP_AFFINITY: OS proc 6 maps to socket 0 core 6 thread 0 
OMP: Info #172: KMP_AFFINITY: OS proc 7 maps to socket 0 core 7 thread 0 
OMP: Info #172: KMP_AFFINITY: OS proc 8 maps to socket 0 core 8 thread 0 
OMP: Info #172: KMP_AFFINITY: OS proc 9 maps to socket 0 core 9 thread 0 
OMP: Info #172: KMP_AFFINITY: OS proc 10 maps to socket 0 core 10 thread 0 
OMP: Info #172: KMP_AFFINITY: OS proc 11 maps to socket 0 core 11 thread 0 
OMP: Info #172: KMP_AFFINITY: OS proc 12 maps to socket 0 core 12 thread 0 
OMP: Info #172: KMP_AFFINITY: OS proc 13 maps to socket 0 core 13 thread 0 
OMP: Info #172: KMP_AFFINITY: OS proc 14 maps to socket 0 core 14 thread 0 
OMP: Info #172: KMP_AFFINITY: OS proc 15 maps to socket 0 core 15 thread 0 
OMP: Info #172: KMP_AFFINITY: OS proc 16 maps to socket 0 core 16 thread 0 
OMP: Info #172: KMP_AFFINITY: OS proc 17 maps to socket 0 core 17 thread 0 
OMP: Info #172: KMP_AFFINITY: OS proc 18 maps to socket 0 core 18 thread 0 
OMP: Info #172: KMP_AFFINITY: OS proc 19 maps to socket 0 core 19 thread 0 
OMP: Info #172: KMP_AFFINITY: OS proc 20 maps to socket 0 core 20 thread 0 
OMP: Info #172: KMP_AFFINITY: OS proc 21 maps to socket 0 core 21 thread 0 
OMP: Info #172: KMP_AFFINITY: OS proc 22 maps to socket 0 core 22 thread 0 
OMP: Info #172: KMP_AFFINITY: OS proc 23 maps to socket 0 core 23 thread 0 
OMP: Info #172: KMP_AFFINITY: OS proc 24 maps to socket 0 core 24 thread 0 
OMP: Info #172: KMP_AFFINITY: OS proc 25 maps to socket 0 core 25 thread 0 
OMP: Info #172: KMP_AFFINITY: OS proc 26 maps to socket 0 core 26 thread 0 
OMP: Info #172: KMP_AFFINITY: OS proc 27 maps to socket 0 core 27 thread 0 
OMP: Info #172: KMP_AFFINITY: OS proc 28 maps to socket 0 core 28 thread 0 
OMP: Info #172: KMP_AFFINITY: OS proc 29 maps to socket 0 core 29 thread 0 
OMP: Info #172: KMP_AFFINITY: OS proc 30 maps to socket 0 core 30 thread 0 
OMP: Info #172: KMP_AFFINITY: OS proc 31 maps to socket 0 core 31 thread 0 
OMP: Info #172: KMP_AFFINITY: OS proc 32 maps to socket 0 core 32 thread 0 
OMP: Info #172: KMP_AFFINITY: OS proc 33 maps to socket 0 core 33 thread 0 
OMP: Info #172: KMP_AFFINITY: OS proc 34 maps to socket 0 core 34 thread 0 
OMP: Info #172: KMP_AFFINITY: OS proc 35 maps to socket 0 core 35 thread 0 
OMP: Info #172: KMP_AFFINITY: OS proc 36 maps to socket 0 core 36 thread 0 
OMP: Info #172: KMP_AFFINITY: OS proc 37 maps to socket 0 core 37 thread 0 
OMP: Info #172: KMP_AFFINITY: OS proc 38 maps to socket 0 core 38 thread 0 
OMP: Info #172: KMP_AFFINITY: OS proc 39 maps to socket 0 core 39 thread 0 
OMP: Info #172: KMP_AFFINITY: OS proc 40 maps to socket 0 core 40 thread 0 
OMP: Info #172: KMP_AFFINITY: OS proc 41 maps to socket 0 core 41 thread 0 
OMP: Info #172: KMP_AFFINITY: OS proc 42 maps to socket 0 core 42 thread 0 
OMP: Info #172: KMP_AFFINITY: OS proc 43 maps to socket 0 core 43 thread 0 
OMP: Info #172: KMP_AFFINITY: OS proc 44 maps to socket 0 core 44 thread 0 
OMP: Info #172: KMP_AFFINITY: OS proc 45 maps to socket 0 core 45 thread 0 
OMP: Info #172: KMP_AFFINITY: OS proc 46 maps to socket 0 core 46 thread 0 
OMP: Info #172: KMP_AFFINITY: OS proc 47 maps to socket 0 core 47 thread 0 
OMP: Info #172: KMP_AFFINITY: OS proc 48 maps to socket 0 core 48 thread 0 
OMP: Info #172: KMP_AFFINITY: OS proc 49 maps to socket 0 core 49 thread 0 
OMP: Info #172: KMP_AFFINITY: OS proc 50 maps to socket 0 core 50 thread 0 
OMP: Info #172: KMP_AFFINITY: OS proc 51 maps to socket 0 core 51 thread 0 
OMP: Info #172: KMP_AFFINITY: OS proc 52 maps to socket 0 core 52 thread 0 
OMP: Info #172: KMP_AFFINITY: OS proc 53 maps to socket 0 core 53 thread 0 
OMP: Info #172: KMP_AFFINITY: OS proc 54 maps to socket 0 core 54 thread 0 
OMP: Info #172: KMP_AFFINITY: OS proc 55 maps to socket 0 core 55 thread 0 
OMP: Info #172: KMP_AFFINITY: OS proc 56 maps to socket 0 core 56 thread 0 
OMP: Info #172: KMP_AFFINITY: OS proc 57 maps to socket 0 core 57 thread 0 
OMP: Info #172: KMP_AFFINITY: OS proc 58 maps to socket 0 core 58 thread 0 
OMP: Info #172: KMP_AFFINITY: OS proc 59 maps to socket 0 core 59 thread 0 
OMP: Info #172: KMP_AFFINITY: OS proc 60 maps to socket 0 core 60 thread 0 
OMP: Info #172: KMP_AFFINITY: OS proc 61 maps to socket 0 core 61 thread 0 
OMP: Info #172: KMP_AFFINITY: OS proc 62 maps to socket 0 core 62 thread 0 
OMP: Info #172: KMP_AFFINITY: OS proc 63 maps to socket 0 core 63 thread 0 
OMP: Info #172: KMP_AFFINITY: OS proc 64 maps to socket 1 core 0 thread 0 
OMP: Info #172: KMP_AFFINITY: OS proc 65 maps to socket 1 core 1 thread 0 
OMP: Info #172: KMP_AFFINITY: OS proc 66 maps to socket 1 core 2 thread 0 
OMP: Info #172: KMP_AFFINITY: OS proc 67 maps to socket 1 core 3 thread 0 
OMP: Info #172: KMP_AFFINITY: OS proc 68 maps to socket 1 core 4 thread 0 
OMP: Info #172: KMP_AFFINITY: OS proc 69 maps to socket 1 core 5 thread 0 
OMP: Info #172: KMP_AFFINITY: OS proc 70 maps to socket 1 core 6 thread 0 
OMP: Info #172: KMP_AFFINITY: OS proc 71 maps to socket 1 core 7 thread 0 
OMP: Info #172: KMP_AFFINITY: OS proc 72 maps to socket 1 core 8 thread 0 
OMP: Info #172: KMP_AFFINITY: OS proc 73 maps to socket 1 core 9 thread 0 
OMP: Info #172: KMP_AFFINITY: OS proc 74 maps to socket 1 core 10 thread 0 
OMP: Info #172: KMP_AFFINITY: OS proc 75 maps to socket 1 core 11 thread 0 
OMP: Info #172: KMP_AFFINITY: OS proc 76 maps to socket 1 core 12 thread 0 
OMP: Info #172: KMP_AFFINITY: OS proc 77 maps to socket 1 core 13 thread 0 
OMP: Info #172: KMP_AFFINITY: OS proc 78 maps to socket 1 core 14 thread 0 
OMP: Info #172: KMP_AFFINITY: OS proc 79 maps to socket 1 core 15 thread 0 
OMP: Info #172: KMP_AFFINITY: OS proc 80 maps to socket 1 core 16 thread 0 
OMP: Info #172: KMP_AFFINITY: OS proc 81 maps to socket 1 core 17 thread 0 
OMP: Info #172: KMP_AFFINITY: OS proc 82 maps to socket 1 core 18 thread 0 
OMP: Info #172: KMP_AFFINITY: OS proc 83 maps to socket 1 core 19 thread 0 
OMP: Info #172: KMP_AFFINITY: OS proc 84 maps to socket 1 core 20 thread 0 
OMP: Info #172: KMP_AFFINITY: OS proc 85 maps to socket 1 core 21 thread 0 
OMP: Info #172: KMP_AFFINITY: OS proc 86 maps to socket 1 core 22 thread 0 
OMP: Info #172: KMP_AFFINITY: OS proc 87 maps to socket 1 core 23 thread 0 
OMP: Info #172: KMP_AFFINITY: OS proc 88 maps to socket 1 core 24 thread 0 
OMP: Info #172: KMP_AFFINITY: OS proc 89 maps to socket 1 core 25 thread 0 
OMP: Info #172: KMP_AFFINITY: OS proc 90 maps to socket 1 core 26 thread 0 
OMP: Info #172: KMP_AFFINITY: OS proc 91 maps to socket 1 core 27 thread 0 
OMP: Info #172: KMP_AFFINITY: OS proc 92 maps to socket 1 core 28 thread 0 
OMP: Info #172: KMP_AFFINITY: OS proc 93 maps to socket 1 core 29 thread 0 
OMP: Info #172: KMP_AFFINITY: OS proc 94 maps to socket 1 core 30 thread 0 
OMP: Info #172: KMP_AFFINITY: OS proc 95 maps to socket 1 core 31 thread 0 
OMP: Info #172: KMP_AFFINITY: OS proc 96 maps to socket 1 core 32 thread 0 
OMP: Info #172: KMP_AFFINITY: OS proc 97 maps to socket 1 core 33 thread 0 
OMP: Info #172: KMP_AFFINITY: OS proc 98 maps to socket 1 core 34 thread 0 
OMP: Info #172: KMP_AFFINITY: OS proc 99 maps to socket 1 core 35 thread 0 
OMP: Info #172: KMP_AFFINITY: OS proc 100 maps to socket 1 core 36 thread 0 
OMP: Info #172: KMP_AFFINITY: OS proc 101 maps to socket 1 core 37 thread 0 
OMP: Info #172: KMP_AFFINITY: OS proc 102 maps to socket 1 core 38 thread 0 
OMP: Info #172: KMP_AFFINITY: OS proc 103 maps to socket 1 core 39 thread 0 
OMP: Info #172: KMP_AFFINITY: OS proc 104 maps to socket 1 core 40 thread 0 
OMP: Info #172: KMP_AFFINITY: OS proc 105 maps to socket 1 core 41 thread 0 
OMP: Info #172: KMP_AFFINITY: OS proc 106 maps to socket 1 core 42 thread 0 
OMP: Info #172: KMP_AFFINITY: OS proc 107 maps to socket 1 core 43 thread 0 
OMP: Info #172: KMP_AFFINITY: OS proc 108 maps to socket 1 core 44 thread 0 
OMP: Info #172: KMP_AFFINITY: OS proc 109 maps to socket 1 core 45 thread 0 
OMP: Info #172: KMP_AFFINITY: OS proc 110 maps to socket 1 core 46 thread 0 
OMP: Info #172: KMP_AFFINITY: OS proc 111 maps to socket 1 core 47 thread 0 
OMP: Info #172: KMP_AFFINITY: OS proc 112 maps to socket 1 core 48 thread 0 
OMP: Info #172: KMP_AFFINITY: OS proc 113 maps to socket 1 core 49 thread 0 
OMP: Info #172: KMP_AFFINITY: OS proc 114 maps to socket 1 core 50 thread 0 
OMP: Info #172: KMP_AFFINITY: OS proc 115 maps to socket 1 core 51 thread 0 
OMP: Info #172: KMP_AFFINITY: OS proc 116 maps to socket 1 core 52 thread 0 
OMP: Info #172: KMP_AFFINITY: OS proc 117 maps to socket 1 core 53 thread 0 
OMP: Info #172: KMP_AFFINITY: OS proc 118 maps to socket 1 core 54 thread 0 
OMP: Info #172: KMP_AFFINITY: OS proc 119 maps to socket 1 core 55 thread 0 
OMP: Info #172: KMP_AFFINITY: OS proc 120 maps to socket 1 core 56 thread 0 
OMP: Info #172: KMP_AFFINITY: OS proc 121 maps to socket 1 core 57 thread 0 
OMP: Info #172: KMP_AFFINITY: OS proc 122 maps to socket 1 core 58 thread 0 
OMP: Info #172: KMP_AFFINITY: OS proc 123 maps to socket 1 core 59 thread 0 
OMP: Info #172: KMP_AFFINITY: OS proc 124 maps to socket 1 core 60 thread 0 
OMP: Info #172: KMP_AFFINITY: OS proc 125 maps to socket 1 core 61 thread 0 
OMP: Info #172: KMP_AFFINITY: OS proc 126 maps to socket 1 core 62 thread 0 
OMP: Info #172: KMP_AFFINITY: OS proc 127 maps to socket 1 core 63 thread 0 
OMP: Info #254: KMP_AFFINITY: pid 33381 tid 33966 thread 1 bound to OS proc set 1
OMP: Info #254: KMP_AFFINITY: pid 33381 tid 33982 thread 2 bound to OS proc set 2
OMP: Info #254: KMP_AFFINITY: pid 33381 tid 33983 thread 3 bound to OS proc set 3
OMP: Info #254: KMP_AFFINITY: pid 33381 tid 33985 thread 5 bound to OS proc set 5
OMP: Info #254: KMP_AFFINITY: pid 33381 tid 33986 thread 6 bound to OS proc set 6
OMP: Info #254: KMP_AFFINITY: pid 33381 tid 33984 thread 4 bound to OS proc set 4
OMP: Info #254: KMP_AFFINITY: pid 33381 tid 33993 thread 8 bound to OS proc set 8
OMP: Info #254: KMP_AFFINITY: pid 33381 tid 33990 thread 7 bound to OS proc set 7
OMP: Info #254: KMP_AFFINITY: pid 33381 tid 33994 thread 9 bound to OS proc set 9
OMP: Info #254: KMP_AFFINITY: pid 33381 tid 33995 thread 10 bound to OS proc set 10
OMP: Info #254: KMP_AFFINITY: pid 33381 tid 33996 thread 11 bound to OS proc set 11
OMP: Info #254: KMP_AFFINITY: pid 33381 tid 33997 thread 12 bound to OS proc set 12
OMP: Info #254: KMP_AFFINITY: pid 33381 tid 33999 thread 14 bound to OS proc set 14
OMP: Info #254: KMP_AFFINITY: pid 33381 tid 33998 thread 13 bound to OS proc set 13
OMP: Info #254: KMP_AFFINITY: pid 33381 tid 34001 thread 16 bound to OS proc set 16
OMP: Info #254: KMP_AFFINITY: pid 33381 tid 34002 thread 17 bound to OS proc set 17
OMP: Info #254: KMP_AFFINITY: pid 33381 tid 34000 thread 15 bound to OS proc set 15
OMP: Info #254: KMP_AFFINITY: pid 33381 tid 34003 thread 18 bound to OS proc set 18
OMP: Info #254: KMP_AFFINITY: pid 33381 tid 34004 thread 19 bound to OS proc set 19
OMP: Info #254: KMP_AFFINITY: pid 33381 tid 34005 thread 20 bound to OS proc set 20
OMP: Info #254: KMP_AFFINITY: pid 33381 tid 34006 thread 21 bound to OS proc set 21
OMP: Info #254: KMP_AFFINITY: pid 33381 tid 34007 thread 22 bound to OS proc set 22
OMP: Info #254: KMP_AFFINITY: pid 33381 tid 34008 thread 23 bound to OS proc set 23
OMP: Info #254: KMP_AFFINITY: pid 33381 tid 34009 thread 24 bound to OS proc set 24
OMP: Info #254: KMP_AFFINITY: pid 33381 tid 34010 thread 25 bound to OS proc set 25
OMP: Info #254: KMP_AFFINITY: pid 33381 tid 34011 thread 26 bound to OS proc set 26
OMP: Info #254: KMP_AFFINITY: pid 33381 tid 34012 thread 27 bound to OS proc set 27
OMP: Info #254: KMP_AFFINITY: pid 33381 tid 34013 thread 28 bound to OS proc set 28
OMP: Info #254: KMP_AFFINITY: pid 33381 tid 34014 thread 29 bound to OS proc set 29
OMP: Info #254: KMP_AFFINITY: pid 33381 tid 34015 thread 30 bound to OS proc set 30
OMP: Info #254: KMP_AFFINITY: pid 33381 tid 34016 thread 31 bound to OS proc set 31
OMP: Info #254: KMP_AFFINITY: pid 33381 tid 34017 thread 32 bound to OS proc set 32
OMP: Info #254: KMP_AFFINITY: pid 33381 tid 34018 thread 33 bound to OS proc set 33
OMP: Info #254: KMP_AFFINITY: pid 33381 tid 34020 thread 35 bound to OS proc set 35
OMP: Info #254: KMP_AFFINITY: pid 33381 tid 34019 thread 34 bound to OS proc set 34
OMP: Info #254: KMP_AFFINITY: pid 33381 tid 34021 thread 36 bound to OS proc set 36
OMP: Info #254: KMP_AFFINITY: pid 33381 tid 34022 thread 37 bound to OS proc set 37
OMP: Info #254: KMP_AFFINITY: pid 33381 tid 34023 thread 38 bound to OS proc set 38
OMP: Info #254: KMP_AFFINITY: pid 33381 tid 34024 thread 39 bound to OS proc set 39
OMP: Info #254: KMP_AFFINITY: pid 33381 tid 34025 thread 40 bound to OS proc set 40
OMP: Info #254: KMP_AFFINITY: pid 33381 tid 34026 thread 41 bound to OS proc set 41
OMP: Info #254: KMP_AFFINITY: pid 33381 tid 34027 thread 42 bound to OS proc set 42
OMP: Info #254: KMP_AFFINITY: pid 33381 tid 34028 thread 43 bound to OS proc set 43
OMP: Info #254: KMP_AFFINITY: pid 33381 tid 34029 thread 44 bound to OS proc set 44
OMP: Info #254: KMP_AFFINITY: pid 33381 tid 34030 thread 45 bound to OS proc set 45
OMP: Info #254: KMP_AFFINITY: pid 33381 tid 34031 thread 46 bound to OS proc set 46
OMP: Info #254: KMP_AFFINITY: pid 33381 tid 34032 thread 47 bound to OS proc set 47
OMP: Info #254: KMP_AFFINITY: pid 33381 tid 34034 thread 49 bound to OS proc set 49
OMP: Info #254: KMP_AFFINITY: pid 33381 tid 34033 thread 48 bound to OS proc set 48
OMP: Info #254: KMP_AFFINITY: pid 33381 tid 34035 thread 50 bound to OS proc set 50
OMP: Info #254: KMP_AFFINITY: pid 33381 tid 34036 thread 51 bound to OS proc set 51
OMP: Info #254: KMP_AFFINITY: pid 33381 tid 34037 thread 52 bound to OS proc set 52
OMP: Info #254: KMP_AFFINITY: pid 33381 tid 34038 thread 53 bound to OS proc set 53
OMP: Info #254: KMP_AFFINITY: pid 33381 tid 34039 thread 54 bound to OS proc set 54
OMP: Info #254: KMP_AFFINITY: pid 33381 tid 34040 thread 55 bound to OS proc set 55
OMP: Info #254: KMP_AFFINITY: pid 33381 tid 34041 thread 56 bound to OS proc set 56
OMP: Info #254: KMP_AFFINITY: pid 33381 tid 34042 thread 57 bound to OS proc set 57
OMP: Info #254: KMP_AFFINITY: pid 33381 tid 34043 thread 58 bound to OS proc set 58
OMP: Info #254: KMP_AFFINITY: pid 33381 tid 34044 thread 59 bound to OS proc set 59
OMP: Info #254: KMP_AFFINITY: pid 33381 tid 34045 thread 60 bound to OS proc set 60
OMP: Info #254: KMP_AFFINITY: pid 33381 tid 34046 thread 61 bound to OS proc set 61
OMP: Info #254: KMP_AFFINITY: pid 33381 tid 34047 thread 62 bound to OS proc set 62
OMP: Info #254: KMP_AFFINITY: pid 33381 tid 34048 thread 63 bound to OS proc set 63
OMP: Info #254: KMP_AFFINITY: pid 33381 tid 34049 thread 64 bound to OS proc set 64
OMP: Info #254: KMP_AFFINITY: pid 33381 tid 34050 thread 65 bound to OS proc set 65
OMP: Info #254: KMP_AFFINITY: pid 33381 tid 34052 thread 67 bound to OS proc set 67
OMP: Info #254: KMP_AFFINITY: pid 33381 tid 34053 thread 68 bound to OS proc set 68
OMP: Info #254: KMP_AFFINITY: pid 33381 tid 34054 thread 69 bound to OS proc set 69
OMP: Info #254: KMP_AFFINITY: pid 33381 tid 34055 thread 70 bound to OS proc set 70
OMP: Info #254: KMP_AFFINITY: pid 33381 tid 34056 thread 71 bound to OS proc set 71
OMP: Info #254: KMP_AFFINITY: pid 33381 tid 34057 thread 72 bound to OS proc set 72
OMP: Info #254: KMP_AFFINITY: pid 33381 tid 34058 thread 73 bound to OS proc set 73
OMP: Info #254: KMP_AFFINITY: pid 33381 tid 34060 thread 75 bound to OS proc set 75
OMP: Info #254: KMP_AFFINITY: pid 33381 tid 34059 thread 74 bound to OS proc set 74
OMP: Info #254: KMP_AFFINITY: pid 33381 tid 34061 thread 76 bound to OS proc set 76
OMP: Info #254: KMP_AFFINITY: pid 33381 tid 34062 thread 77 bound to OS proc set 77
OMP: Info #254: KMP_AFFINITY: pid 33381 tid 34063 thread 78 bound to OS proc set 78
OMP: Info #254: KMP_AFFINITY: pid 33381 tid 34064 thread 79 bound to OS proc set 79
OMP: Info #254: KMP_AFFINITY: pid 33381 tid 34065 thread 80 bound to OS proc set 80
OMP: Info #254: KMP_AFFINITY: pid 33381 tid 34066 thread 81 bound to OS proc set 81
OMP: Info #254: KMP_AFFINITY: pid 33381 tid 34068 thread 83 bound to OS proc set 83
OMP: Info #254: KMP_AFFINITY: pid 33381 tid 34067 thread 82 bound to OS proc set 82
OMP: Info #254: KMP_AFFINITY: pid 33381 tid 34069 thread 84 bound to OS proc set 84
OMP: Info #254: KMP_AFFINITY: pid 33381 tid 34070 thread 85 bound to OS proc set 85
OMP: Info #254: KMP_AFFINITY: pid 33381 tid 34071 thread 86 bound to OS proc set 86
OMP: Info #254: KMP_AFFINITY: pid 33381 tid 34072 thread 87 bound to OS proc set 87
OMP: Info #254: KMP_AFFINITY: pid 33381 tid 34073 thread 88 bound to OS proc set 88
OMP: Info #254: KMP_AFFINITY: pid 33381 tid 34074 thread 89 bound to OS proc set 89
OMP: Info #254: KMP_AFFINITY: pid 33381 tid 34075 thread 90 bound to OS proc set 90
OMP: Info #254: KMP_AFFINITY: pid 33381 tid 34077 thread 91 bound to OS proc set 91
OMP: Info #254: KMP_AFFINITY: pid 33381 tid 34078 thread 92 bound to OS proc set 92
OMP: Info #254: KMP_AFFINITY: pid 33381 tid 34079 thread 93 bound to OS proc set 93
OMP: Info #254: KMP_AFFINITY: pid 33381 tid 34080 thread 94 bound to OS proc set 94
OMP: Info #254: KMP_AFFINITY: pid 33381 tid 34082 thread 96 bound to OS proc set 96
OMP: Info #254: KMP_AFFINITY: pid 33381 tid 34081 thread 95 bound to OS proc set 95
OMP: Info #254: KMP_AFFINITY: pid 33381 tid 34083 thread 97 bound to OS proc set 97
OMP: Info #254: KMP_AFFINITY: pid 33381 tid 34084 thread 98 bound to OS proc set 98
OMP: Info #254: KMP_AFFINITY: pid 33381 tid 34085 thread 99 bound to OS proc set 99
OMP: Info #254: KMP_AFFINITY: pid 33381 tid 34086 thread 100 bound to OS proc set 100
OMP: Info #254: KMP_AFFINITY: pid 33381 tid 34088 thread 102 bound to OS proc set 102
OMP: Info #254: KMP_AFFINITY: pid 33381 tid 34087 thread 101 bound to OS proc set 101
OMP: Info #254: KMP_AFFINITY: pid 33381 tid 34089 thread 103 bound to OS proc set 103
OMP: Info #254: KMP_AFFINITY: pid 33381 tid 34090 thread 104 bound to OS proc set 104
OMP: Info #254: KMP_AFFINITY: pid 33381 tid 34091 thread 105 bound to OS proc set 105
OMP: Info #254: KMP_AFFINITY: pid 33381 tid 34092 thread 106 bound to OS proc set 106
OMP: Info #254: KMP_AFFINITY: pid 33381 tid 34093 thread 107 bound to OS proc set 107
OMP: Info #254: KMP_AFFINITY: pid 33381 tid 34094 thread 108 bound to OS proc set 108
OMP: Info #254: KMP_AFFINITY: pid 33381 tid 34095 thread 109 bound to OS proc set 109
OMP: Info #254: KMP_AFFINITY: pid 33381 tid 34096 thread 110 bound to OS proc set 110
OMP: Info #254: KMP_AFFINITY: pid 33381 tid 34097 thread 111 bound to OS proc set 111
OMP: Info #254: KMP_AFFINITY: pid 33381 tid 34098 thread 112 bound to OS proc set 112
OMP: Info #254: KMP_AFFINITY: pid 33381 tid 34099 thread 113 bound to OS proc set 113
OMP: Info #254: KMP_AFFINITY: pid 33381 tid 34100 thread 114 bound to OS proc set 114
OMP: Info #254: KMP_AFFINITY: pid 33381 tid 34101 thread 115 bound to OS proc set 115
OMP: Info #254: KMP_AFFINITY: pid 33381 tid 34102 thread 116 bound to OS proc set 116
OMP: Info #254: KMP_AFFINITY: pid 33381 tid 34103 thread 117 bound to OS proc set 117
OMP: Info #254: KMP_AFFINITY: pid 33381 tid 34104 thread 118 bound to OS proc set 118
OMP: Info #254: KMP_AFFINITY: pid 33381 tid 34106 thread 120 bound to OS proc set 120
OMP: Info #254: KMP_AFFINITY: pid 33381 tid 34105 thread 119 bound to OS proc set 119
OMP: Info #254: KMP_AFFINITY: pid 33381 tid 34107 thread 121 bound to OS proc set 121
OMP: Info #254: KMP_AFFINITY: pid 33381 tid 34108 thread 122 bound to OS proc set 122
OMP: Info #254: KMP_AFFINITY: pid 33381 tid 34109 thread 123 bound to OS proc set 123
OMP: Info #254: KMP_AFFINITY: pid 33381 tid 34110 thread 124 bound to OS proc set 124
OMP: Info #254: KMP_AFFINITY: pid 33381 tid 34112 thread 126 bound to OS proc set 126
OMP: Info #254: KMP_AFFINITY: pid 33381 tid 34111 thread 125 bound to OS proc set 125
OMP: Info #254: KMP_AFFINITY: pid 33381 tid 34113 thread 127 bound to OS proc set 127
OMP: Info #254: KMP_AFFINITY: pid 33381 tid 34114 thread 128 bound to OS proc set 0
OMP: Info #254: KMP_AFFINITY: pid 33381 tid 34051 thread 66 bound to OS proc set 66
OMP: Info #254: KMP_AFFINITY: pid 33381 tid 33967 thread 129 bound to OS proc set 1
OMP: Info #254: KMP_AFFINITY: pid 33381 tid 34120 thread 130 bound to OS proc set 2
OMP: Info #254: KMP_AFFINITY: pid 33381 tid 34121 thread 131 bound to OS proc set 3
OMP: Info #254: KMP_AFFINITY: pid 33381 tid 34122 thread 132 bound to OS proc set 4
OMP: Info #254: KMP_AFFINITY: pid 33381 tid 34124 thread 134 bound to OS proc set 6
OMP: Info #254: KMP_AFFINITY: pid 33381 tid 34123 thread 133 bound to OS proc set 5
OMP: Info #254: KMP_AFFINITY: pid 33381 tid 34125 thread 135 bound to OS proc set 7
OMP: Info #254: KMP_AFFINITY: pid 33381 tid 34126 thread 136 bound to OS proc set 8
OMP: Info #254: KMP_AFFINITY: pid 33381 tid 34127 thread 137 bound to OS proc set 9
OMP: Info #254: KMP_AFFINITY: pid 33381 tid 34128 thread 138 bound to OS proc set 10
OMP: Info #254: KMP_AFFINITY: pid 33381 tid 34130 thread 140 bound to OS proc set 12
OMP: Info #254: KMP_AFFINITY: pid 33381 tid 34129 thread 139 bound to OS proc set 11
OMP: Info #254: KMP_AFFINITY: pid 33381 tid 34131 thread 141 bound to OS proc set 13
OMP: Info #254: KMP_AFFINITY: pid 33381 tid 34132 thread 142 bound to OS proc set 14
OMP: Info #254: KMP_AFFINITY: pid 33381 tid 34133 thread 143 bound to OS proc set 15
OMP: Info #254: KMP_AFFINITY: pid 33381 tid 34134 thread 144 bound to OS proc set 16
OMP: Info #254: KMP_AFFINITY: pid 33381 tid 34135 thread 145 bound to OS proc set 17
OMP: Info #254: KMP_AFFINITY: pid 33381 tid 34136 thread 146 bound to OS proc set 18
OMP: Info #254: KMP_AFFINITY: pid 33381 tid 34137 thread 147 bound to OS proc set 19
OMP: Info #254: KMP_AFFINITY: pid 33381 tid 34138 thread 148 bound to OS proc set 20
OMP: Info #254: KMP_AFFINITY: pid 33381 tid 34139 thread 149 bound to OS proc set 21
OMP: Info #254: KMP_AFFINITY: pid 33381 tid 34140 thread 150 bound to OS proc set 22
OMP: Info #254: KMP_AFFINITY: pid 33381 tid 34141 thread 151 bound to OS proc set 23
OMP: Info #254: KMP_AFFINITY: pid 33381 tid 34142 thread 152 bound to OS proc set 24
OMP: Info #254: KMP_AFFINITY: pid 33381 tid 34144 thread 153 bound to OS proc set 25
OMP: Info #254: KMP_AFFINITY: pid 33381 tid 34145 thread 154 bound to OS proc set 26
OMP: Info #254: KMP_AFFINITY: pid 33381 tid 34146 thread 155 bound to OS proc set 27
OMP: Info #254: KMP_AFFINITY: pid 33381 tid 34147 thread 156 bound to OS proc set 28
OMP: Info #254: KMP_AFFINITY: pid 33381 tid 34149 thread 158 bound to OS proc set 30
OMP: Info #254: KMP_AFFINITY: pid 33381 tid 34148 thread 157 bound to OS proc set 29
OMP: Info #254: KMP_AFFINITY: pid 33381 tid 34150 thread 159 bound to OS proc set 31
OMP: Info #254: KMP_AFFINITY: pid 33381 tid 34151 thread 160 bound to OS proc set 32
OMP: Info #254: KMP_AFFINITY: pid 33381 tid 34152 thread 161 bound to OS proc set 33
OMP: Info #254: KMP_AFFINITY: pid 33381 tid 34153 thread 162 bound to OS proc set 34
OMP: Info #254: KMP_AFFINITY: pid 33381 tid 34154 thread 163 bound to OS proc set 35
OMP: Info #254: KMP_AFFINITY: pid 33381 tid 34155 thread 164 bound to OS proc set 36
OMP: Info #254: KMP_AFFINITY: pid 33381 tid 34157 thread 166 bound to OS proc set 38
OMP: Info #254: KMP_AFFINITY: pid 33381 tid 34156 thread 165 bound to OS proc set 37
OMP: Info #254: KMP_AFFINITY: pid 33381 tid 34158 thread 167 bound to OS proc set 39
OMP: Info #254: KMP_AFFINITY: pid 33381 tid 34160 thread 169 bound to OS proc set 41
OMP: Info #254: KMP_AFFINITY: pid 33381 tid 34159 thread 168 bound to OS proc set 40
OMP: Info #254: KMP_AFFINITY: pid 33381 tid 34161 thread 170 bound to OS proc set 42
OMP: Info #254: KMP_AFFINITY: pid 33381 tid 34162 thread 171 bound to OS proc set 43
OMP: Info #254: KMP_AFFINITY: pid 33381 tid 34163 thread 172 bound to OS proc set 44
OMP: Info #254: KMP_AFFINITY: pid 33381 tid 34165 thread 174 bound to OS proc set 46
OMP: Info #254: KMP_AFFINITY: pid 33381 tid 34164 thread 173 bound to OS proc set 45
OMP: Info #254: KMP_AFFINITY: pid 33381 tid 34166 thread 175 bound to OS proc set 47
OMP: Info #254: KMP_AFFINITY: pid 33381 tid 34167 thread 176 bound to OS proc set 48
OMP: Info #254: KMP_AFFINITY: pid 33381 tid 34168 thread 177 bound to OS proc set 49
OMP: Info #254: KMP_AFFINITY: pid 33381 tid 34169 thread 178 bound to OS proc set 50
OMP: Info #254: KMP_AFFINITY: pid 33381 tid 34170 thread 179 bound to OS proc set 51
OMP: Info #254: KMP_AFFINITY: pid 33381 tid 34172 thread 181 bound to OS proc set 53
OMP: Info #254: KMP_AFFINITY: pid 33381 tid 34171 thread 180 bound to OS proc set 52
OMP: Info #254: KMP_AFFINITY: pid 33381 tid 34173 thread 182 bound to OS proc set 54
OMP: Info #254: KMP_AFFINITY: pid 33381 tid 34174 thread 183 bound to OS proc set 55
OMP: Info #254: KMP_AFFINITY: pid 33381 tid 34175 thread 184 bound to OS proc set 56
OMP: Info #254: KMP_AFFINITY: pid 33381 tid 34176 thread 185 bound to OS proc set 57
OMP: Info #254: KMP_AFFINITY: pid 33381 tid 34177 thread 186 bound to OS proc set 58
OMP: Info #254: KMP_AFFINITY: pid 33381 tid 34178 thread 187 bound to OS proc set 59
OMP: Info #254: KMP_AFFINITY: pid 33381 tid 34179 thread 188 bound to OS proc set 60
OMP: Info #254: KMP_AFFINITY: pid 33381 tid 34180 thread 189 bound to OS proc set 61
OMP: Info #254: KMP_AFFINITY: pid 33381 tid 34181 thread 190 bound to OS proc set 62
OMP: Info #254: KMP_AFFINITY: pid 33381 tid 34182 thread 191 bound to OS proc set 63
OMP: Info #254: KMP_AFFINITY: pid 33381 tid 34183 thread 192 bound to OS proc set 64
OMP: Info #254: KMP_AFFINITY: pid 33381 tid 34184 thread 193 bound to OS proc set 65
OMP: Info #254: KMP_AFFINITY: pid 33381 tid 34185 thread 194 bound to OS proc set 66
OMP: Info #254: KMP_AFFINITY: pid 33381 tid 34187 thread 196 bound to OS proc set 68
OMP: Info #254: KMP_AFFINITY: pid 33381 tid 34188 thread 197 bound to OS proc set 69
OMP: Info #254: KMP_AFFINITY: pid 33381 tid 34186 thread 195 bound to OS proc set 67
OMP: Info #254: KMP_AFFINITY: pid 33381 tid 34190 thread 198 bound to OS proc set 70
OMP: Info #254: KMP_AFFINITY: pid 33381 tid 34191 thread 199 bound to OS proc set 71
OMP: Info #254: KMP_AFFINITY: pid 33381 tid 34192 thread 200 bound to OS proc set 72
OMP: Info #254: KMP_AFFINITY: pid 33381 tid 34193 thread 201 bound to OS proc set 73
OMP: Info #254: KMP_AFFINITY: pid 33381 tid 34194 thread 202 bound to OS proc set 74
OMP: Info #254: KMP_AFFINITY: pid 33381 tid 34195 thread 203 bound to OS proc set 75
OMP: Info #254: KMP_AFFINITY: pid 33381 tid 34196 thread 204 bound to OS proc set 76
OMP: Info #254: KMP_AFFINITY: pid 33381 tid 34197 thread 205 bound to OS proc set 77
OMP: Info #254: KMP_AFFINITY: pid 33381 tid 34198 thread 206 bound to OS proc set 78
OMP: Info #254: KMP_AFFINITY: pid 33381 tid 34200 thread 208 bound to OS proc set 80
OMP: Info #254: KMP_AFFINITY: pid 33381 tid 34199 thread 207 bound to OS proc set 79
OMP: Info #254: KMP_AFFINITY: pid 33381 tid 34201 thread 209 bound to OS proc set 81
OMP: Info #254: KMP_AFFINITY: pid 33381 tid 34202 thread 210 bound to OS proc set 82
OMP: Info #254: KMP_AFFINITY: pid 33381 tid 34203 thread 211 bound to OS proc set 83
OMP: Info #254: KMP_AFFINITY: pid 33381 tid 34204 thread 212 bound to OS proc set 84
OMP: Info #254: KMP_AFFINITY: pid 33381 tid 34205 thread 213 bound to OS proc set 85
OMP: Info #254: KMP_AFFINITY: pid 33381 tid 34206 thread 214 bound to OS proc set 86
OMP: Info #254: KMP_AFFINITY: pid 33381 tid 34207 thread 215 bound to OS proc set 87
OMP: Info #254: KMP_AFFINITY: pid 33381 tid 34208 thread 216 bound to OS proc set 88
OMP: Info #254: KMP_AFFINITY: pid 33381 tid 34209 thread 217 bound to OS proc set 89
OMP: Info #254: KMP_AFFINITY: pid 33381 tid 34211 thread 219 bound to OS proc set 91
OMP: Info #254: KMP_AFFINITY: pid 33381 tid 34210 thread 218 bound to OS proc set 90
OMP: Info #254: KMP_AFFINITY: pid 33381 tid 34212 thread 220 bound to OS proc set 92
OMP: Info #254: KMP_AFFINITY: pid 33381 tid 34214 thread 222 bound to OS proc set 94
OMP: Info #254: KMP_AFFINITY: pid 33381 tid 34213 thread 221 bound to OS proc set 93
OMP: Info #254: KMP_AFFINITY: pid 33381 tid 34215 thread 223 bound to OS proc set 95
OMP: Info #254: KMP_AFFINITY: pid 33381 tid 34216 thread 224 bound to OS proc set 96
OMP: Info #254: KMP_AFFINITY: pid 33381 tid 34217 thread 225 bound to OS proc set 97
OMP: Info #254: KMP_AFFINITY: pid 33381 tid 34219 thread 227 bound to OS proc set 99
OMP: Info #254: KMP_AFFINITY: pid 33381 tid 34218 thread 226 bound to OS proc set 98
OMP: Info #254: KMP_AFFINITY: pid 33381 tid 34221 thread 229 bound to OS proc set 101
OMP: Info #254: KMP_AFFINITY: pid 33381 tid 34222 thread 230 bound to OS proc set 102
OMP: Info #254: KMP_AFFINITY: pid 33381 tid 34220 thread 228 bound to OS proc set 100
OMP: Info #254: KMP_AFFINITY: pid 33381 tid 34224 thread 232 bound to OS proc set 104
OMP: Info #254: KMP_AFFINITY: pid 33381 tid 34225 thread 233 bound to OS proc set 105
OMP: Info #254: KMP_AFFINITY: pid 33381 tid 34223 thread 231 bound to OS proc set 103
OMP: Info #254: KMP_AFFINITY: pid 33381 tid 34227 thread 235 bound to OS proc set 107
OMP: Info #254: KMP_AFFINITY: pid 33381 tid 34226 thread 234 bound to OS proc set 106
OMP: Info #254: KMP_AFFINITY: pid 33381 tid 34228 thread 236 bound to OS proc set 108
OMP: Info #254: KMP_AFFINITY: pid 33381 tid 34229 thread 237 bound to OS proc set 109
OMP: Info #254: KMP_AFFINITY: pid 33381 tid 34230 thread 238 bound to OS proc set 110
OMP: Info #254: KMP_AFFINITY: pid 33381 tid 34231 thread 239 bound to OS proc set 111
OMP: Info #254: KMP_AFFINITY: pid 33381 tid 34232 thread 240 bound to OS proc set 112
OMP: Info #254: KMP_AFFINITY: pid 33381 tid 34233 thread 241 bound to OS proc set 113
OMP: Info #254: KMP_AFFINITY: pid 33381 tid 34234 thread 242 bound to OS proc set 114
OMP: Info #254: KMP_AFFINITY: pid 33381 tid 34237 thread 245 bound to OS proc set 117
OMP: Info #254: KMP_AFFINITY: pid 33381 tid 34236 thread 244 bound to OS proc set 116
OMP: Info #254: KMP_AFFINITY: pid 33381 tid 34235 thread 243 bound to OS proc set 115
OMP: Info #254: KMP_AFFINITY: pid 33381 tid 34238 thread 246 bound to OS proc set 118
OMP: Info #254: KMP_AFFINITY: pid 33381 tid 34239 thread 247 bound to OS proc set 119
OMP: Info #254: KMP_AFFINITY: pid 33381 tid 34241 thread 249 bound to OS proc set 121
OMP: Info #254: KMP_AFFINITY: pid 33381 tid 34240 thread 248 bound to OS proc set 120
OMP: Info #254: KMP_AFFINITY: pid 33381 tid 34242 thread 250 bound to OS proc set 122
OMP: Info #254: KMP_AFFINITY: pid 33381 tid 34243 thread 251 bound to OS proc set 123
OMP: Info #254: KMP_AFFINITY: pid 33381 tid 34244 thread 252 bound to OS proc set 124
OMP: Info #254: KMP_AFFINITY: pid 33381 tid 34246 thread 254 bound to OS proc set 126
OMP: Info #254: KMP_AFFINITY: pid 33381 tid 34245 thread 253 bound to OS proc set 125
OMP: Info #254: KMP_AFFINITY: pid 33381 tid 34247 thread 255 bound to OS proc set 127
OMP: Info #254: KMP_AFFINITY: pid 33381 tid 34248 thread 256 bound to OS proc set 0
DEEPMD INFO    training data with min nbor dist: 1.2729312004282283
DEEPMD INFO    training data with max nbor size: [263, 67]
DEEPMD INFO     _____               _____   __  __  _____           _     _  _   
DEEPMD INFO    |  __ \             |  __ \ |  \/  ||  __ \         | |   (_)| |  
DEEPMD INFO    | |  | |  ___   ___ | |__) || \  / || |  | | ______ | | __ _ | |_ 
DEEPMD INFO    | |  | | / _ \ / _ \|  ___/ | |\/| || |  | ||______|| |/ /| || __|
DEEPMD INFO    | |__| ||  __/|  __/| |     | |  | || |__| |        |   < | || |_ 
DEEPMD INFO    |_____/  \___| \___||_|     |_|  |_||_____/         |_|\_\|_| \__|
DEEPMD INFO    Please read and cite:
DEEPMD INFO    Wang, Zhang, Han and E, Comput.Phys.Comm. 228, 178-184 (2018)
DEEPMD INFO    installed to:         /tmp/pip-req-build-i991qczn/_skbuild/linux-x86_64-3.9/cmake-install
DEEPMD INFO    source :              v2.0.3
DEEPMD INFO    source brach:         HEAD
DEEPMD INFO    source commit:        159e45d2
DEEPMD INFO    source commit at:     2021-10-15 10:31:09 +0800
DEEPMD INFO    build float prec:     double
DEEPMD INFO    build with tf inc:    /home/kimia.gh/.conda/envs/deepmd/lib/python3.9/site-packages/tensorflow/include
DEEPMD INFO    build with tf lib:    
DEEPMD INFO    ---Summary of the training---------------------------------------
DEEPMD INFO    running on:           c0706a-s11.ufhpc
DEEPMD INFO    computing device:     cpu:0
DEEPMD INFO    CUDA_VISIBLE_DEVICES: unset
DEEPMD INFO    Count of visible GPU: 0
DEEPMD INFO    num_intra_threads:    0
DEEPMD INFO    num_inter_threads:    0
DEEPMD INFO    -----------------------------------------------------------------
DEEPMD INFO    ---Summary of DataSystem: training     -----------------------------------------------
DEEPMD INFO    found 2 system(s):
DEEPMD INFO                                        system  natoms  bch_sz   n_bch   prob  pbc
DEEPMD INFO    -- se/test_03/virials/training_data/B96C24     120       1     614  0.532    T
DEEPMD INFO    -- e/test_03/virials/training_data/B104C16     120       1     540  0.468    T
DEEPMD INFO    --------------------------------------------------------------------------------------
DEEPMD INFO    ---Summary of DataSystem: validation   -----------------------------------------------
DEEPMD INFO    found 2 system(s):
DEEPMD INFO                                        system  natoms  bch_sz   n_bch   prob  pbc
DEEPMD INFO    -- /test_03/virials/validation_data/B96C24     120       1      69  0.539    T
DEEPMD INFO    -- test_03/virials/validation_data/B104C16     120       1      59  0.461    T
DEEPMD INFO    --------------------------------------------------------------------------------------
DEEPMD INFO    training without frame parameter
OMP: Info #254: KMP_AFFINITY: pid 33381 tid 33381 thread 0 bound to OS proc set 0
DEEPMD INFO    built lr
DEEPMD INFO    built network
DEEPMD INFO    built training
DEEPMD INFO    initialize model from scratch
DEEPMD INFO    start training at lr 1.00e-03 (== 1.00e-03), decay_step 5, decay_rate 0.891251, final lr will be 1.00e-04
2022-12-11 21:46:53.188305: I tensorflow/core/profiler/lib/profiler_session.cc:126] Profiler session initializing.
2022-12-11 21:46:53.188762: I tensorflow/core/profiler/lib/profiler_session.cc:141] Profiler session started.
2022-12-11 21:46:54.093215: I tensorflow/core/profiler/lib/profiler_session.cc:159] Profiler session tear down.
2022-12-11 21:46:58.561427: I tensorflow/core/profiler/lib/profiler_session.cc:126] Profiler session initializing.
2022-12-11 21:46:58.561628: I tensorflow/core/profiler/lib/profiler_session.cc:141] Profiler session started.
2022-12-11 21:46:59.401859: I tensorflow/core/profiler/lib/profiler_session.cc:159] Profiler session tear down.
2022-12-11 21:46:59.446319: I tensorflow/core/profiler/lib/profiler_session.cc:126] Profiler session initializing.
2022-12-11 21:46:59.446461: I tensorflow/core/profiler/lib/profiler_session.cc:141] Profiler session started.
2022-12-11 21:47:00.216429: I tensorflow/core/profiler/lib/profiler_session.cc:159] Profiler session tear down.
2022-12-11 21:47:00.274352: I tensorflow/core/profiler/lib/profiler_session.cc:126] Profiler session initializing.
2022-12-11 21:47:00.274474: I tensorflow/core/profiler/lib/profiler_session.cc:141] Profiler session started.
2022-12-11 21:47:01.018562: I tensorflow/core/profiler/lib/profiler_session.cc:159] Profiler session tear down.
2022-12-11 21:47:01.056981: I tensorflow/core/profiler/lib/profiler_session.cc:126] Profiler session initializing.
2022-12-11 21:47:01.057271: I tensorflow/core/profiler/lib/profiler_session.cc:141] Profiler session started.
2022-12-11 21:47:01.778272: I tensorflow/core/profiler/lib/profiler_session.cc:159] Profiler session tear down.
2022-12-11 21:47:01.831193: I tensorflow/core/profiler/lib/profiler_session.cc:126] Profiler session initializing.
2022-12-11 21:47:01.831304: I tensorflow/core/profiler/lib/profiler_session.cc:141] Profiler session started.
2022-12-11 21:47:02.528304: I tensorflow/core/profiler/lib/profiler_session.cc:159] Profiler session tear down.
2022-12-11 21:47:02.583418: I tensorflow/core/profiler/lib/profiler_session.cc:126] Profiler session initializing.
2022-12-11 21:47:02.583514: I tensorflow/core/profiler/lib/profiler_session.cc:141] Profiler session started.
2022-12-11 21:47:03.201270: I tensorflow/core/profiler/lib/profiler_session.cc:159] Profiler session tear down.
2022-12-11 21:47:03.253363: I tensorflow/core/profiler/lib/profiler_session.cc:126] Profiler session initializing.
2022-12-11 21:47:03.253500: I tensorflow/core/profiler/lib/profiler_session.cc:141] Profiler session started.
2022-12-11 21:47:03.872539: I tensorflow/core/profiler/lib/profiler_session.cc:159] Profiler session tear down.
2022-12-11 21:47:03.926048: I tensorflow/core/profiler/lib/profiler_session.cc:126] Profiler session initializing.
2022-12-11 21:47:03.926186: I tensorflow/core/profiler/lib/profiler_session.cc:141] Profiler session started.
2022-12-11 21:47:04.558388: I tensorflow/core/profiler/lib/profiler_session.cc:159] Profiler session tear down.
2022-12-11 21:47:04.605388: I tensorflow/core/profiler/lib/profiler_session.cc:126] Profiler session initializing.
2022-12-11 21:47:04.605503: I tensorflow/core/profiler/lib/profiler_session.cc:141] Profiler session started.
2022-12-11 21:47:05.261522: I tensorflow/core/profiler/lib/profiler_session.cc:159] Profiler session tear down.
DEEPMD INFO    batch      10 training time 17.45 s, testing time 0.58 s
DEEPMD INFO    saved checkpoint model_ckpt
2022-12-11 21:47:06.580719: I tensorflow/core/profiler/lib/profiler_session.cc:126] Profiler session initializing.
2022-12-11 21:47:06.580787: I tensorflow/core/profiler/lib/profiler_session.cc:141] Profiler session started.
2022-12-11 21:47:07.304776: I tensorflow/core/profiler/lib/profiler_session.cc:159] Profiler session tear down.
2022-12-11 21:47:07.364806: I tensorflow/core/profiler/lib/profiler_session.cc:126] Profiler session initializing.
2022-12-11 21:47:07.364957: I tensorflow/core/profiler/lib/profiler_session.cc:141] Profiler session started.
2022-12-11 21:47:08.028460: I tensorflow/core/profiler/lib/profiler_session.cc:159] Profiler session tear down.
2022-12-11 21:47:08.082377: I tensorflow/core/profiler/lib/profiler_session.cc:126] Profiler session initializing.
2022-12-11 21:47:08.082523: I tensorflow/core/profiler/lib/profiler_session.cc:141] Profiler session started.
2022-12-11 21:47:08.793357: I tensorflow/core/profiler/lib/profiler_session.cc:159] Profiler session tear down.
2022-12-11 21:47:08.849519: I tensorflow/core/profiler/lib/profiler_session.cc:126] Profiler session initializing.
2022-12-11 21:47:08.849665: I tensorflow/core/profiler/lib/profiler_session.cc:141] Profiler session started.
2022-12-11 21:47:09.492952: I tensorflow/core/profiler/lib/profiler_session.cc:159] Profiler session tear down.
2022-12-11 21:47:09.549350: I tensorflow/core/profiler/lib/profiler_session.cc:126] Profiler session initializing.
2022-12-11 21:47:09.549456: I tensorflow/core/profiler/lib/profiler_session.cc:141] Profiler session started.
2022-12-11 21:47:10.208878: I tensorflow/core/profiler/lib/profiler_session.cc:159] Profiler session tear down.
2022-12-11 21:47:10.264697: I tensorflow/core/profiler/lib/profiler_session.cc:126] Profiler session initializing.
2022-12-11 21:47:10.264811: I tensorflow/core/profiler/lib/profiler_session.cc:141] Profiler session started.
2022-12-11 21:47:10.943268: I tensorflow/core/profiler/lib/profiler_session.cc:159] Profiler session tear down.
2022-12-11 21:47:10.986640: I tensorflow/core/profiler/lib/profiler_session.cc:126] Profiler session initializing.
2022-12-11 21:47:10.986753: I tensorflow/core/profiler/lib/profiler_session.cc:141] Profiler session started.
2022-12-11 21:47:11.678178: I tensorflow/core/profiler/lib/profiler_session.cc:159] Profiler session tear down.
2022-12-11 21:47:11.711038: I tensorflow/core/profiler/lib/profiler_session.cc:126] Profiler session initializing.
2022-12-11 21:47:11.711122: I tensorflow/core/profiler/lib/profiler_session.cc:141] Profiler session started.
2022-12-11 21:47:12.311937: I tensorflow/core/profiler/lib/profiler_session.cc:159] Profiler session tear down.
2022-12-11 21:47:12.340833: I tensorflow/core/profiler/lib/profiler_session.cc:126] Profiler session initializing.
2022-12-11 21:47:12.340932: I tensorflow/core/profiler/lib/profiler_session.cc:141] Profiler session started.
2022-12-11 21:47:12.948720: I tensorflow/core/profiler/lib/profiler_session.cc:159] Profiler session tear down.
2022-12-11 21:47:12.975660: I tensorflow/core/profiler/lib/profiler_session.cc:126] Profiler session initializing.
2022-12-11 21:47:12.975742: I tensorflow/core/profiler/lib/profiler_session.cc:141] Profiler session started.
2022-12-11 21:47:13.583518: I tensorflow/core/profiler/lib/profiler_session.cc:159] Profiler session tear down.
DEEPMD INFO    batch      20 training time 6.99 s, testing time 0.59 s
DEEPMD INFO    saved checkpoint model_ckpt
2022-12-11 21:47:14.693962: I tensorflow/core/profiler/lib/profiler_session.cc:126] Profiler session initializing.
2022-12-11 21:47:14.694044: I tensorflow/core/profiler/lib/profiler_session.cc:141] Profiler session started.
2022-12-11 21:47:15.320915: I tensorflow/core/profiler/lib/profiler_session.cc:159] Profiler session tear down.
2022-12-11 21:47:15.359501: I tensorflow/core/profiler/lib/profiler_session.cc:126] Profiler session initializing.
2022-12-11 21:47:15.359616: I tensorflow/core/profiler/lib/profiler_session.cc:141] Profiler session started.
2022-12-11 21:47:15.919158: I tensorflow/core/profiler/lib/profiler_session.cc:159] Profiler session tear down.
2022-12-11 21:47:15.956167: I tensorflow/core/profiler/lib/profiler_session.cc:126] Profiler session initializing.
2022-12-11 21:47:15.956282: I tensorflow/core/profiler/lib/profiler_session.cc:141] Profiler session started.
2022-12-11 21:47:16.544635: I tensorflow/core/profiler/lib/profiler_session.cc:159] Profiler session tear down.
2022-12-11 21:47:16.593041: I tensorflow/core/profiler/lib/profiler_session.cc:126] Profiler session initializing.
2022-12-11 21:47:16.593155: I tensorflow/core/profiler/lib/profiler_session.cc:141] Profiler session started.
2022-12-11 21:47:17.209711: I tensorflow/core/profiler/lib/profiler_session.cc:159] Profiler session tear down.
2022-12-11 21:47:17.255920: I tensorflow/core/profiler/lib/profiler_session.cc:126] Profiler session initializing.
2022-12-11 21:47:17.256036: I tensorflow/core/profiler/lib/profiler_session.cc:141] Profiler session started.
2022-12-11 21:47:17.950081: I tensorflow/core/profiler/lib/profiler_session.cc:159] Profiler session tear down.
2022-12-11 21:47:17.996467: I tensorflow/core/profiler/lib/profiler_session.cc:126] Profiler session initializing.
2022-12-11 21:47:17.996550: I tensorflow/core/profiler/lib/profiler_session.cc:141] Profiler session started.
2022-12-11 21:47:18.619477: I tensorflow/core/profiler/lib/profiler_session.cc:159] Profiler session tear down.
2022-12-11 21:47:18.667018: I tensorflow/core/profiler/lib/profiler_session.cc:126] Profiler session initializing.
2022-12-11 21:47:18.667122: I tensorflow/core/profiler/lib/profiler_session.cc:141] Profiler session started.
2022-12-11 21:47:19.274188: I tensorflow/core/profiler/lib/profiler_session.cc:159] Profiler session tear down.
2022-12-11 21:47:19.316106: I tensorflow/core/profiler/lib/profiler_session.cc:126] Profiler session initializing.
2022-12-11 21:47:19.316235: I tensorflow/core/profiler/lib/profiler_session.cc:141] Profiler session started.
2022-12-11 21:47:19.977231: I tensorflow/core/profiler/lib/profiler_session.cc:159] Profiler session tear down.
2022-12-11 21:47:20.022189: I tensorflow/core/profiler/lib/profiler_session.cc:126] Profiler session initializing.
2022-12-11 21:47:20.022296: I tensorflow/core/profiler/lib/profiler_session.cc:141] Profiler session started.
2022-12-11 21:47:20.723472: I tensorflow/core/profiler/lib/profiler_session.cc:159] Profiler session tear down.
2022-12-11 21:47:20.770258: I tensorflow/core/profiler/lib/profiler_session.cc:126] Profiler session initializing.
2022-12-11 21:47:20.770363: I tensorflow/core/profiler/lib/profiler_session.cc:141] Profiler session started.
2022-12-11 21:47:21.483221: I tensorflow/core/profiler/lib/profiler_session.cc:159] Profiler session tear down.
DEEPMD INFO    batch      30 training time 6.82 s, testing time 0.59 s
DEEPMD INFO    saved checkpoint model_ckpt
2022-12-11 21:47:22.690860: I tensorflow/core/profiler/lib/profiler_session.cc:126] Profiler session initializing.
2022-12-11 21:47:22.690935: I tensorflow/core/profiler/lib/profiler_session.cc:141] Profiler session started.
2022-12-11 21:47:23.345646: I tensorflow/core/profiler/lib/profiler_session.cc:159] Profiler session tear down.
2022-12-11 21:47:23.400376: I tensorflow/core/profiler/lib/profiler_session.cc:126] Profiler session initializing.
2022-12-11 21:47:23.400498: I tensorflow/core/profiler/lib/profiler_session.cc:141] Profiler session started.
2022-12-11 21:47:24.014697: I tensorflow/core/profiler/lib/profiler_session.cc:159] Profiler session tear down.
2022-12-11 21:47:24.057051: I tensorflow/core/profiler/lib/profiler_session.cc:126] Profiler session initializing.
2022-12-11 21:47:24.057175: I tensorflow/core/profiler/lib/profiler_session.cc:141] Profiler session started.
2022-12-11 21:47:24.683607: I tensorflow/core/profiler/lib/profiler_session.cc:159] Profiler session tear down.
2022-12-11 21:47:24.731300: I tensorflow/core/profiler/lib/profiler_session.cc:126] Profiler session initializing.
2022-12-11 21:47:24.731418: I tensorflow/core/profiler/lib/profiler_session.cc:141] Profiler session started.
2022-12-11 21:47:25.378524: I tensorflow/core/profiler/lib/profiler_session.cc:159] Profiler session tear down.
2022-12-11 21:47:25.419136: I tensorflow/core/profiler/lib/profiler_session.cc:126] Profiler session initializing.
2022-12-11 21:47:25.419264: I tensorflow/core/profiler/lib/profiler_session.cc:141] Profiler session started.
2022-12-11 21:47:26.062656: I tensorflow/core/profiler/lib/profiler_session.cc:159] Profiler session tear down.
2022-12-11 21:47:26.115363: I tensorflow/core/profiler/lib/profiler_session.cc:126] Profiler session initializing.
2022-12-11 21:47:26.115485: I tensorflow/core/profiler/lib/profiler_session.cc:141] Profiler session started.
2022-12-11 21:47:26.706672: I tensorflow/core/profiler/lib/profiler_session.cc:159] Profiler session tear down.
2022-12-11 21:47:26.759360: I tensorflow/core/profiler/lib/profiler_session.cc:126] Profiler session initializing.
2022-12-11 21:47:26.759464: I tensorflow/core/profiler/lib/profiler_session.cc:141] Profiler session started.
2022-12-11 21:47:27.372602: I tensorflow/core/profiler/lib/profiler_session.cc:159] Profiler session tear down.
2022-12-11 21:47:27.423208: I tensorflow/core/profiler/lib/profiler_session.cc:126] Profiler session initializing.
2022-12-11 21:47:27.423381: I tensorflow/core/profiler/lib/profiler_session.cc:141] Profiler session started.
2022-12-11 21:47:28.093370: I tensorflow/core/profiler/lib/profiler_session.cc:159] Profiler session tear down.
2022-12-11 21:47:28.143091: I tensorflow/core/profiler/lib/profiler_session.cc:126] Profiler session initializing.
2022-12-11 21:47:28.143184: I tensorflow/core/profiler/lib/profiler_session.cc:141] Profiler session started.
2022-12-11 21:47:28.689468: I tensorflow/core/profiler/lib/profiler_session.cc:159] Profiler session tear down.
2022-12-11 21:47:28.730096: I tensorflow/core/profiler/lib/profiler_session.cc:126] Profiler session initializing.
2022-12-11 21:47:28.730214: I tensorflow/core/profiler/lib/profiler_session.cc:141] Profiler session started.
2022-12-11 21:47:29.349543: I tensorflow/core/profiler/lib/profiler_session.cc:159] Profiler session tear down.
DEEPMD INFO    batch      40 training time 6.69 s, testing time 0.55 s
DEEPMD INFO    saved checkpoint model_ckpt
2022-12-11 21:47:30.489756: I tensorflow/core/profiler/lib/profiler_session.cc:126] Profiler session initializing.
2022-12-11 21:47:30.489811: I tensorflow/core/profiler/lib/profiler_session.cc:141] Profiler session started.
2022-12-11 21:47:31.124789: I tensorflow/core/profiler/lib/profiler_session.cc:159] Profiler session tear down.
2022-12-11 21:47:31.153786: I tensorflow/core/profiler/lib/profiler_session.cc:126] Profiler session initializing.
2022-12-11 21:47:31.153881: I tensorflow/core/profiler/lib/profiler_session.cc:141] Profiler session started.
2022-12-11 21:47:31.814673: I tensorflow/core/profiler/lib/profiler_session.cc:159] Profiler session tear down.
2022-12-11 21:47:31.849024: I tensorflow/core/profiler/lib/profiler_session.cc:126] Profiler session initializing.
2022-12-11 21:47:31.849099: I tensorflow/core/profiler/lib/profiler_session.cc:141] Profiler session started.
2022-12-11 21:47:32.542776: I tensorflow/core/profiler/lib/profiler_session.cc:159] Profiler session tear down.
2022-12-11 21:47:32.586108: I tensorflow/core/profiler/lib/profiler_session.cc:126] Profiler session initializing.
2022-12-11 21:47:32.586197: I tensorflow/core/profiler/lib/profiler_session.cc:141] Profiler session started.
2022-12-11 21:47:33.230981: I tensorflow/core/profiler/lib/profiler_session.cc:159] Profiler session tear down.
2022-12-11 21:47:33.274546: I tensorflow/core/profiler/lib/profiler_session.cc:126] Profiler session initializing.
2022-12-11 21:47:33.274681: I tensorflow/core/profiler/lib/profiler_session.cc:141] Profiler session started.
2022-12-11 21:47:33.941493: I tensorflow/core/profiler/lib/profiler_session.cc:159] Profiler session tear down.
2022-12-11 21:47:33.989316: I tensorflow/core/profiler/lib/profiler_session.cc:126] Profiler session initializing.
2022-12-11 21:47:33.989456: I tensorflow/core/profiler/lib/profiler_session.cc:141] Profiler session started.
2022-12-11 21:47:34.637446: I tensorflow/core/profiler/lib/profiler_session.cc:159] Profiler session tear down.
2022-12-11 21:47:34.676229: I tensorflow/core/profiler/lib/profiler_session.cc:126] Profiler session initializing.
2022-12-11 21:47:34.676336: I tensorflow/core/profiler/lib/profiler_session.cc:141] Profiler session started.
2022-12-11 21:47:35.311475: I tensorflow/core/profiler/lib/profiler_session.cc:159] Profiler session tear down.
2022-12-11 21:47:35.360455: I tensorflow/core/profiler/lib/profiler_session.cc:126] Profiler session initializing.
2022-12-11 21:47:35.360585: I tensorflow/core/profiler/lib/profiler_session.cc:141] Profiler session started.
2022-12-11 21:47:35.982439: I tensorflow/core/profiler/lib/profiler_session.cc:159] Profiler session tear down.
2022-12-11 21:47:36.032285: I tensorflow/core/profiler/lib/profiler_session.cc:126] Profiler session initializing.
2022-12-11 21:47:36.032394: I tensorflow/core/profiler/lib/profiler_session.cc:141] Profiler session started.
2022-12-11 21:47:36.675192: I tensorflow/core/profiler/lib/profiler_session.cc:159] Profiler session tear down.
2022-12-11 21:47:36.729605: I tensorflow/core/profiler/lib/profiler_session.cc:126] Profiler session initializing.
2022-12-11 21:47:36.729725: I tensorflow/core/profiler/lib/profiler_session.cc:141] Profiler session started.
2022-12-11 21:47:37.389118: I tensorflow/core/profiler/lib/profiler_session.cc:159] Profiler session tear down.
DEEPMD INFO    batch      50 training time 6.93 s, testing time 0.67 s
DEEPMD INFO    saved checkpoint model_ckpt
2022-12-11 21:47:38.640567: I tensorflow/core/profiler/lib/profiler_session.cc:126] Profiler session initializing.
2022-12-11 21:47:38.640651: I tensorflow/core/profiler/lib/profiler_session.cc:141] Profiler session started.
2022-12-11 21:47:39.328557: I tensorflow/core/profiler/lib/profiler_session.cc:159] Profiler session tear down.
2022-12-11 21:47:39.373112: I tensorflow/core/profiler/lib/profiler_session.cc:126] Profiler session initializing.
2022-12-11 21:47:39.373243: I tensorflow/core/profiler/lib/profiler_session.cc:141] Profiler session started.
2022-12-11 21:47:39.975298: I tensorflow/core/profiler/lib/profiler_session.cc:159] Profiler session tear down.
2022-12-11 21:47:40.023396: I tensorflow/core/profiler/lib/profiler_session.cc:126] Profiler session initializing.
2022-12-11 21:47:40.023505: I tensorflow/core/profiler/lib/profiler_session.cc:141] Profiler session started.
2022-12-11 21:47:40.679529: I tensorflow/core/profiler/lib/profiler_session.cc:159] Profiler session tear down.
2022-12-11 21:47:40.724236: I tensorflow/core/profiler/lib/profiler_session.cc:126] Profiler session initializing.
2022-12-11 21:47:40.724359: I tensorflow/core/profiler/lib/profiler_session.cc:141] Profiler session started.
2022-12-11 21:47:41.330359: I tensorflow/core/profiler/lib/profiler_session.cc:159] Profiler session tear down.
2022-12-11 21:47:41.364227: I tensorflow/core/profiler/lib/profiler_session.cc:126] Profiler session initializing.
2022-12-11 21:47:41.364324: I tensorflow/core/profiler/lib/profiler_session.cc:141] Profiler session started.
2022-12-11 21:47:41.966553: I tensorflow/core/profiler/lib/profiler_session.cc:159] Profiler session tear down.
2022-12-11 21:47:42.009180: I tensorflow/core/profiler/lib/profiler_session.cc:126] Profiler session initializing.
2022-12-11 21:47:42.009292: I tensorflow/core/profiler/lib/profiler_session.cc:141] Profiler session started.
2022-12-11 21:47:42.741985: I tensorflow/core/profiler/lib/profiler_session.cc:159] Profiler session tear down.
2022-12-11 21:47:42.773896: I tensorflow/core/profiler/lib/profiler_session.cc:126] Profiler session initializing.
2022-12-11 21:47:42.773982: I tensorflow/core/profiler/lib/profiler_session.cc:141] Profiler session started.
2022-12-11 21:47:43.496840: I tensorflow/core/profiler/lib/profiler_session.cc:159] Profiler session tear down.
2022-12-11 21:47:43.526780: I tensorflow/core/profiler/lib/profiler_session.cc:126] Profiler session initializing.
2022-12-11 21:47:43.526858: I tensorflow/core/profiler/lib/profiler_session.cc:141] Profiler session started.
2022-12-11 21:47:44.141316: I tensorflow/core/profiler/lib/profiler_session.cc:159] Profiler session tear down.
2022-12-11 21:47:44.171940: I tensorflow/core/profiler/lib/profiler_session.cc:126] Profiler session initializing.
2022-12-11 21:47:44.172201: I tensorflow/core/profiler/lib/profiler_session.cc:141] Profiler session started.
2022-12-11 21:47:44.832253: I tensorflow/core/profiler/lib/profiler_session.cc:159] Profiler session tear down.
2022-12-11 21:47:44.875924: I tensorflow/core/profiler/lib/profiler_session.cc:126] Profiler session initializing.
2022-12-11 21:47:44.876008: I tensorflow/core/profiler/lib/profiler_session.cc:141] Profiler session started.
2022-12-11 21:47:45.580592: I tensorflow/core/profiler/lib/profiler_session.cc:159] Profiler session tear down.
DEEPMD INFO    batch      60 training time 6.95 s, testing time 0.57 s
WARNING:tensorflow:From /home/kimia.gh/.conda/envs/deepmd/lib/python3.9/site-packages/tensorflow/python/training/saver.py:969: remove_checkpoint (from tensorflow.python.training.checkpoint_management) is deprecated and will be removed in a future version.
Instructions for updating:
Use standard file APIs to delete files with this prefix.
DEEPMD WARNING From /home/kimia.gh/.conda/envs/deepmd/lib/python3.9/site-packages/tensorflow/python/training/saver.py:969: remove_checkpoint (from tensorflow.python.training.checkpoint_management) is deprecated and will be removed in a future version.
Instructions for updating:
Use standard file APIs to delete files with this prefix.
DEEPMD INFO    saved checkpoint model_ckpt
2022-12-11 21:47:46.678457: I tensorflow/core/profiler/lib/profiler_session.cc:126] Profiler session initializing.
2022-12-11 21:47:46.678531: I tensorflow/core/profiler/lib/profiler_session.cc:141] Profiler session started.
2022-12-11 21:47:47.277710: I tensorflow/core/profiler/lib/profiler_session.cc:159] Profiler session tear down.
2022-12-11 21:47:47.322234: I tensorflow/core/profiler/lib/profiler_session.cc:126] Profiler session initializing.
2022-12-11 21:47:47.322355: I tensorflow/core/profiler/lib/profiler_session.cc:141] Profiler session started.
2022-12-11 21:47:47.989378: I tensorflow/core/profiler/lib/profiler_session.cc:159] Profiler session tear down.
2022-12-11 21:47:48.022973: I tensorflow/core/profiler/lib/profiler_session.cc:126] Profiler session initializing.
2022-12-11 21:47:48.023071: I tensorflow/core/profiler/lib/profiler_session.cc:141] Profiler session started.
2022-12-11 21:47:48.667004: I tensorflow/core/profiler/lib/profiler_session.cc:159] Profiler session tear down.
2022-12-11 21:47:48.701201: I tensorflow/core/profiler/lib/profiler_session.cc:126] Profiler session initializing.
2022-12-11 21:47:48.701312: I tensorflow/core/profiler/lib/profiler_session.cc:141] Profiler session started.
2022-12-11 21:47:49.281619: I tensorflow/core/profiler/lib/profiler_session.cc:159] Profiler session tear down.
2022-12-11 21:47:49.332370: I tensorflow/core/profiler/lib/profiler_session.cc:126] Profiler session initializing.
2022-12-11 21:47:49.332489: I tensorflow/core/profiler/lib/profiler_session.cc:141] Profiler session started.
2022-12-11 21:47:49.956185: I tensorflow/core/profiler/lib/profiler_session.cc:159] Profiler session tear down.
2022-12-11 21:47:49.987876: I tensorflow/core/profiler/lib/profiler_session.cc:126] Profiler session initializing.
2022-12-11 21:47:49.987981: I tensorflow/core/profiler/lib/profiler_session.cc:141] Profiler session started.
2022-12-11 21:47:50.570258: I tensorflow/core/profiler/lib/profiler_session.cc:159] Profiler session tear down.
2022-12-11 21:47:50.602006: I tensorflow/core/profiler/lib/profiler_session.cc:126] Profiler session initializing.
2022-12-11 21:47:50.602106: I tensorflow/core/profiler/lib/profiler_session.cc:141] Profiler session started.
2022-12-11 21:47:51.198960: I tensorflow/core/profiler/lib/profiler_session.cc:159] Profiler session tear down.
2022-12-11 21:47:51.230956: I tensorflow/core/profiler/lib/profiler_session.cc:126] Profiler session initializing.
2022-12-11 21:47:51.231057: I tensorflow/core/profiler/lib/profiler_session.cc:141] Profiler session started.
2022-12-11 21:47:51.842297: I tensorflow/core/profiler/lib/profiler_session.cc:159] Profiler session tear down.
2022-12-11 21:47:51.875181: I tensorflow/core/profiler/lib/profiler_session.cc:126] Profiler session initializing.
2022-12-11 21:47:51.875466: I tensorflow/core/profiler/lib/profiler_session.cc:141] Profiler session started.
2022-12-11 21:47:52.484477: I tensorflow/core/profiler/lib/profiler_session.cc:159] Profiler session tear down.
2022-12-11 21:47:52.517069: I tensorflow/core/profiler/lib/profiler_session.cc:126] Profiler session initializing.
2022-12-11 21:47:52.517181: I tensorflow/core/profiler/lib/profiler_session.cc:141] Profiler session started.
2022-12-11 21:47:53.153226: I tensorflow/core/profiler/lib/profiler_session.cc:159] Profiler session tear down.
DEEPMD INFO    batch      70 training time 6.48 s, testing time 0.56 s
DEEPMD INFO    saved checkpoint model_ckpt
2022-12-11 21:47:54.231973: I tensorflow/core/profiler/lib/profiler_session.cc:126] Profiler session initializing.
2022-12-11 21:47:54.232033: I tensorflow/core/profiler/lib/profiler_session.cc:141] Profiler session started.
2022-12-11 21:47:54.842731: I tensorflow/core/profiler/lib/profiler_session.cc:159] Profiler session tear down.
2022-12-11 21:47:54.868029: I tensorflow/core/profiler/lib/profiler_session.cc:126] Profiler session initializing.
2022-12-11 21:47:54.868111: I tensorflow/core/profiler/lib/profiler_session.cc:141] Profiler session started.
2022-12-11 21:47:55.470853: I tensorflow/core/profiler/lib/profiler_session.cc:159] Profiler session tear down.
2022-12-11 21:47:55.489780: I tensorflow/core/profiler/lib/profiler_session.cc:126] Profiler session initializing.
2022-12-11 21:47:55.489858: I tensorflow/core/profiler/lib/profiler_session.cc:141] Profiler session started.
2022-12-11 21:47:56.112393: I tensorflow/core/profiler/lib/profiler_session.cc:159] Profiler session tear down.
2022-12-11 21:47:56.139766: I tensorflow/core/profiler/lib/profiler_session.cc:126] Profiler session initializing.
2022-12-11 21:47:56.139851: I tensorflow/core/profiler/lib/profiler_session.cc:141] Profiler session started.
2022-12-11 21:47:56.727735: I tensorflow/core/profiler/lib/profiler_session.cc:159] Profiler session tear down.
2022-12-11 21:47:56.756886: I tensorflow/core/profiler/lib/profiler_session.cc:126] Profiler session initializing.
2022-12-11 21:47:56.756967: I tensorflow/core/profiler/lib/profiler_session.cc:141] Profiler session started.
2022-12-11 21:47:57.401226: I tensorflow/core/profiler/lib/profiler_session.cc:159] Profiler session tear down.
2022-12-11 21:47:57.437139: I tensorflow/core/profiler/lib/profiler_session.cc:126] Profiler session initializing.
2022-12-11 21:47:57.437219: I tensorflow/core/profiler/lib/profiler_session.cc:141] Profiler session started.
2022-12-11 21:47:58.062906: I tensorflow/core/profiler/lib/profiler_session.cc:159] Profiler session tear down.
2022-12-11 21:47:58.083770: I tensorflow/core/profiler/lib/profiler_session.cc:126] Profiler session initializing.
2022-12-11 21:47:58.083862: I tensorflow/core/profiler/lib/profiler_session.cc:141] Profiler session started.
2022-12-11 21:47:58.767967: I tensorflow/core/profiler/lib/profiler_session.cc:159] Profiler session tear down.
2022-12-11 21:47:58.801281: I tensorflow/core/profiler/lib/profiler_session.cc:126] Profiler session initializing.
2022-12-11 21:47:58.801387: I tensorflow/core/profiler/lib/profiler_session.cc:141] Profiler session started.
2022-12-11 21:47:59.431525: I tensorflow/core/profiler/lib/profiler_session.cc:159] Profiler session tear down.
2022-12-11 21:47:59.464070: I tensorflow/core/profiler/lib/profiler_session.cc:126] Profiler session initializing.
2022-12-11 21:47:59.464178: I tensorflow/core/profiler/lib/profiler_session.cc:141] Profiler session started.
2022-12-11 21:48:00.070614: I tensorflow/core/profiler/lib/profiler_session.cc:159] Profiler session tear down.
2022-12-11 21:48:00.102233: I tensorflow/core/profiler/lib/profiler_session.cc:126] Profiler session initializing.
2022-12-11 21:48:00.102339: I tensorflow/core/profiler/lib/profiler_session.cc:141] Profiler session started.
2022-12-11 21:48:00.719533: I tensorflow/core/profiler/lib/profiler_session.cc:159] Profiler session tear down.
DEEPMD INFO    batch      80 training time 6.50 s, testing time 0.58 s
DEEPMD INFO    saved checkpoint model_ckpt
2022-12-11 21:48:01.860029: I tensorflow/core/profiler/lib/profiler_session.cc:126] Profiler session initializing.
2022-12-11 21:48:01.860079: I tensorflow/core/profiler/lib/profiler_session.cc:141] Profiler session started.
2022-12-11 21:48:02.547292: I tensorflow/core/profiler/lib/profiler_session.cc:159] Profiler session tear down.
2022-12-11 21:48:02.574889: I tensorflow/core/profiler/lib/profiler_session.cc:126] Profiler session initializing.
2022-12-11 21:48:02.574985: I tensorflow/core/profiler/lib/profiler_session.cc:141] Profiler session started.
2022-12-11 21:48:03.137858: I tensorflow/core/profiler/lib/profiler_session.cc:159] Profiler session tear down.
2022-12-11 21:48:03.176252: I tensorflow/core/profiler/lib/profiler_session.cc:126] Profiler session initializing.
2022-12-11 21:48:03.176354: I tensorflow/core/profiler/lib/profiler_session.cc:141] Profiler session started.
2022-12-11 21:48:03.738131: I tensorflow/core/profiler/lib/profiler_session.cc:159] Profiler session tear down.
2022-12-11 21:48:03.770011: I tensorflow/core/profiler/lib/profiler_session.cc:126] Profiler session initializing.
2022-12-11 21:48:03.770117: I tensorflow/core/profiler/lib/profiler_session.cc:141] Profiler session started.
2022-12-11 21:48:04.340384: I tensorflow/core/profiler/lib/profiler_session.cc:159] Profiler session tear down.
2022-12-11 21:48:04.366984: I tensorflow/core/profiler/lib/profiler_session.cc:126] Profiler session initializing.
2022-12-11 21:48:04.367072: I tensorflow/core/profiler/lib/profiler_session.cc:141] Profiler session started.
2022-12-11 21:48:04.976232: I tensorflow/core/profiler/lib/profiler_session.cc:159] Profiler session tear down.
2022-12-11 21:48:05.009030: I tensorflow/core/profiler/lib/profiler_session.cc:126] Profiler session initializing.
2022-12-11 21:48:05.009137: I tensorflow/core/profiler/lib/profiler_session.cc:141] Profiler session started.
2022-12-11 21:48:05.632411: I tensorflow/core/profiler/lib/profiler_session.cc:159] Profiler session tear down.
2022-12-11 21:48:05.670855: I tensorflow/core/profiler/lib/profiler_session.cc:126] Profiler session initializing.
2022-12-11 21:48:05.670953: I tensorflow/core/profiler/lib/profiler_session.cc:141] Profiler session started.
2022-12-11 21:48:06.331584: I tensorflow/core/profiler/lib/profiler_session.cc:159] Profiler session tear down.
2022-12-11 21:48:06.358175: I tensorflow/core/profiler/lib/profiler_session.cc:126] Profiler session initializing.
2022-12-11 21:48:06.358253: I tensorflow/core/profiler/lib/profiler_session.cc:141] Profiler session started.
2022-12-11 21:48:06.938055: I tensorflow/core/profiler/lib/profiler_session.cc:159] Profiler session tear down.
2022-12-11 21:48:06.975016: I tensorflow/core/profiler/lib/profiler_session.cc:126] Profiler session initializing.
2022-12-11 21:48:06.975098: I tensorflow/core/profiler/lib/profiler_session.cc:141] Profiler session started.
2022-12-11 21:48:07.550845: I tensorflow/core/profiler/lib/profiler_session.cc:159] Profiler session tear down.
2022-12-11 21:48:07.582980: I tensorflow/core/profiler/lib/profiler_session.cc:126] Profiler session initializing.
2022-12-11 21:48:07.583069: I tensorflow/core/profiler/lib/profiler_session.cc:141] Profiler session started.
2022-12-11 21:48:08.219863: I tensorflow/core/profiler/lib/profiler_session.cc:159] Profiler session tear down.
DEEPMD INFO    batch      90 training time 6.36 s, testing time 0.53 s
DEEPMD INFO    saved checkpoint model_ckpt
2022-12-11 21:48:09.277270: I tensorflow/core/profiler/lib/profiler_session.cc:126] Profiler session initializing.
2022-12-11 21:48:09.277341: I tensorflow/core/profiler/lib/profiler_session.cc:141] Profiler session started.
2022-12-11 21:48:09.887154: I tensorflow/core/profiler/lib/profiler_session.cc:159] Profiler session tear down.
2022-12-11 21:48:09.912937: I tensorflow/core/profiler/lib/profiler_session.cc:126] Profiler session initializing.
2022-12-11 21:48:09.913020: I tensorflow/core/profiler/lib/profiler_session.cc:141] Profiler session started.
2022-12-11 21:48:10.495918: I tensorflow/core/profiler/lib/profiler_session.cc:159] Profiler session tear down.
2022-12-11 21:48:10.525909: I tensorflow/core/profiler/lib/profiler_session.cc:126] Profiler session initializing.
2022-12-11 21:48:10.525998: I tensorflow/core/profiler/lib/profiler_session.cc:141] Profiler session started.
2022-12-11 21:48:11.170848: I tensorflow/core/profiler/lib/profiler_session.cc:159] Profiler session tear down.
2022-12-11 21:48:11.200766: I tensorflow/core/profiler/lib/profiler_session.cc:126] Profiler session initializing.
2022-12-11 21:48:11.200856: I tensorflow/core/profiler/lib/profiler_session.cc:141] Profiler session started.
2022-12-11 21:48:11.814356: I tensorflow/core/profiler/lib/profiler_session.cc:159] Profiler session tear down.
2022-12-11 21:48:11.856717: I tensorflow/core/profiler/lib/profiler_session.cc:126] Profiler session initializing.
2022-12-11 21:48:11.856855: I tensorflow/core/profiler/lib/profiler_session.cc:141] Profiler session started.
2022-12-11 21:48:12.416825: I tensorflow/core/profiler/lib/profiler_session.cc:159] Profiler session tear down.
2022-12-11 21:48:12.448943: I tensorflow/core/profiler/lib/profiler_session.cc:126] Profiler session initializing.
2022-12-11 21:48:12.449043: I tensorflow/core/profiler/lib/profiler_session.cc:141] Profiler session started.
2022-12-11 21:48:13.094244: I tensorflow/core/profiler/lib/profiler_session.cc:159] Profiler session tear down.
2022-12-11 21:48:13.129205: I tensorflow/core/profiler/lib/profiler_session.cc:126] Profiler session initializing.
2022-12-11 21:48:13.129328: I tensorflow/core/profiler/lib/profiler_session.cc:141] Profiler session started.
2022-12-11 21:48:13.772441: I tensorflow/core/profiler/lib/profiler_session.cc:159] Profiler session tear down.
2022-12-11 21:48:13.817103: I tensorflow/core/profiler/lib/profiler_session.cc:126] Profiler session initializing.
2022-12-11 21:48:13.817205: I tensorflow/core/profiler/lib/profiler_session.cc:141] Profiler session started.
2022-12-11 21:48:14.413762: I tensorflow/core/profiler/lib/profiler_session.cc:159] Profiler session tear down.
2022-12-11 21:48:14.459394: I tensorflow/core/profiler/lib/profiler_session.cc:126] Profiler session initializing.
2022-12-11 21:48:14.459505: I tensorflow/core/profiler/lib/profiler_session.cc:141] Profiler session started.
2022-12-11 21:48:15.127636: I tensorflow/core/profiler/lib/profiler_session.cc:159] Profiler session tear down.
2022-12-11 21:48:15.162254: I tensorflow/core/profiler/lib/profiler_session.cc:126] Profiler session initializing.
2022-12-11 21:48:15.162358: I tensorflow/core/profiler/lib/profiler_session.cc:141] Profiler session started.
2022-12-11 21:48:15.723374: I tensorflow/core/profiler/lib/profiler_session.cc:159] Profiler session tear down.
DEEPMD INFO    batch     100 training time 6.44 s, testing time 0.55 s
DEEPMD INFO    saved checkpoint model_ckpt
DEEPMD INFO    finished training
DEEPMD INFO    wall time: 93.004 s
